<?xml version="1.0" encoding="UTF-8"?>
<coverage generated="1763636755196" clover="3.2.0">
  <project timestamp="1763636755196" name="All files">
    <metrics statements="15" coveredstatements="9" conditionals="20" coveredconditionals="9" methods="4" coveredmethods="2" elements="39" coveredelements="20" complexity="0" loc="15" ncloc="15" packages="2" files="3" classes="3"/>
    <package name="src">
      <metrics statements="11" coveredstatements="8" conditionals="16" coveredconditionals="9" methods="3" coveredmethods="2"/>
      <file name="isSymbol.js" path="C:\Users\Omistaja\Documents\SoftwareTesting\testing-assignment\src\isSymbol.js">
        <metrics statements="2" coveredstatements="2" conditionals="4" coveredconditionals="2" methods="1" coveredmethods="1"/>
        <line num="19" count="2" type="stmt"/>
        <line num="20" count="2" type="cond" truecount="2" falsecount="2"/>
      </file>
      <file name="toString.js" path="C:\Users\Omistaja\Documents\SoftwareTesting\testing-assignment\src\toString.js">
        <metrics statements="9" coveredstatements="6" conditionals="12" coveredconditionals="7" methods="2" coveredmethods="1"/>
        <line num="4" count="1" type="stmt"/>
        <line num="28" count="2" type="cond" truecount="1" falsecount="1"/>
        <line num="29" count="0" type="stmt"/>
        <line num="31" count="2" type="cond" truecount="1" falsecount="1"/>
        <line num="33" count="0" type="cond" truecount="0" falsecount="2"/>
        <line num="35" count="2" type="cond" truecount="1" falsecount="1"/>
        <line num="36" count="0" type="stmt"/>
        <line num="38" count="2" type="stmt"/>
        <line num="39" count="2" type="cond" truecount="4" falsecount="0"/>
      </file>
    </package>
    <package name="src..internal">
      <metrics statements="4" coveredstatements="1" conditionals="4" coveredconditionals="0" methods="1" coveredmethods="0"/>
      <file name="getTag.js" path="C:\Users\Omistaja\Documents\SoftwareTesting\testing-assignment\src\.internal\getTag.js">
        <metrics statements="4" coveredstatements="1" conditionals="4" coveredconditionals="0" methods="1" coveredmethods="0"/>
        <line num="1" count="1" type="stmt"/>
        <line num="11" count="0" type="cond" truecount="0" falsecount="2"/>
        <line num="12" count="0" type="cond" truecount="0" falsecount="2"/>
        <line num="14" count="0" type="stmt"/>
      </file>
    </package>
  </project>
</coverage>
