TN:
SF:src\isSymbol.js
FN:18,isSymbol
FNF:1
FNH:1
FNDA:2,isSymbol
DA:19,2
DA:20,2
LF:2
LH:2
BRDA:20,0,0,2
BRDA:20,0,1,2
BRDA:20,0,2,0
BRDA:20,0,3,0
BRF:4
BRH:2
end_of_record
TN:
SF:src\toString.js
FN:25,toString
FN:33,(anonymous_1)
FNF:2
FNH:1
FNDA:2,toString
FNDA:0,(anonymous_1)
DA:4,1
DA:28,2
DA:29,0
DA:31,2
DA:33,0
DA:35,2
DA:36,0
DA:38,2
DA:39,2
LF:9
LH:6
BRDA:28,0,0,0
BRDA:28,0,1,2
BRDA:31,1,0,0
BRDA:31,1,1,2
BRDA:33,2,0,0
BRDA:33,2,1,0
BRDA:35,3,0,0
BRDA:35,3,1,2
BRDA:39,4,0,1
BRDA:39,4,1,1
BRDA:39,5,0,2
BRDA:39,5,1,1
BRF:12
BRH:7
end_of_record
TN:
SF:src\.internal\getTag.js
FN:10,getTag
FNF:1
FNH:0
FNDA:0,getTag
DA:1,1
DA:11,0
DA:12,0
DA:14,0
LF:4
LH:1
BRDA:11,0,0,0
BRDA:11,0,1,0
BRDA:12,1,0,0
BRDA:12,1,1,0
BRF:4
BRH:0
end_of_record
